  Ciudadano.cpp
C:\Users\psarm\Documents\PIERO\USIL\7mo CICLO\ESTRUCTURA DE DATOS AVANZADA\TRABAJO FINAL\EDA_PF\EDA_FINAL_PROJECT\EDA_FINAL_PROJECT\TF_EDA\Ciudadano.cpp(37,18): warning C4566: character represented by universal-character-name '\u0301' cannot be represented in the current code page (1252)
C:\Users\psarm\Documents\PIERO\USIL\7mo CICLO\ESTRUCTURA DE DATOS AVANZADA\TRABAJO FINAL\EDA_PF\EDA_FINAL_PROJECT\EDA_FINAL_PROJECT\TF_EDA\Ciudadano.cpp(38,18): warning C4566: character represented by universal-character-name '\u0301' cannot be represented in the current code page (1252)
  Ciudadano.h
  CuckooHash.cpp
  CuckooHash.h
  Main.cpp
  Generating Code...
x64\Debug\CuckooHash.obj : warning LNK4042: object specified more than once; extras ignored
x64\Debug\Ciudadano.obj : warning LNK4042: object specified more than once; extras ignored
libboost_serialization-vc143-mt-x64-1_85.lib(codecvt_null.obj) : error LNK2038: mismatch detected for '_ITERATOR_DEBUG_LEVEL': value '0' doesn't match value '2' in Ciudadano.obj
libboost_serialization-vc143-mt-x64-1_85.lib(codecvt_null.obj) : error LNK2038: mismatch detected for 'RuntimeLibrary': value 'MD_DynamicRelease' doesn't match value 'MDd_DynamicDebug' in Ciudadano.obj
libboost_serialization-vc143-mt-x64-1_85.lib(archive_exception.obj) : error LNK2038: mismatch detected for '_ITERATOR_DEBUG_LEVEL': value '0' doesn't match value '2' in Ciudadano.obj
libboost_serialization-vc143-mt-x64-1_85.lib(archive_exception.obj) : error LNK2038: mismatch detected for 'RuntimeLibrary': value 'MD_DynamicRelease' doesn't match value 'MDd_DynamicDebug' in Ciudadano.obj
libboost_serialization-vc143-mt-x64-1_85.lib(basic_oarchive.obj) : error LNK2038: mismatch detected for '_ITERATOR_DEBUG_LEVEL': value '0' doesn't match value '2' in Ciudadano.obj
libboost_serialization-vc143-mt-x64-1_85.lib(basic_oarchive.obj) : error LNK2038: mismatch detected for 'RuntimeLibrary': value 'MD_DynamicRelease' doesn't match value 'MDd_DynamicDebug' in Ciudadano.obj
libboost_serialization-vc143-mt-x64-1_85.lib(extended_type_info.obj) : error LNK2038: mismatch detected for '_ITERATOR_DEBUG_LEVEL': value '0' doesn't match value '2' in Ciudadano.obj
libboost_serialization-vc143-mt-x64-1_85.lib(extended_type_info.obj) : error LNK2038: mismatch detected for 'RuntimeLibrary': value 'MD_DynamicRelease' doesn't match value 'MDd_DynamicDebug' in Ciudadano.obj
libboost_serialization-vc143-mt-x64-1_85.lib(extended_type_info_typeid.obj) : error LNK2038: mismatch detected for '_ITERATOR_DEBUG_LEVEL': value '0' doesn't match value '2' in Ciudadano.obj
libboost_serialization-vc143-mt-x64-1_85.lib(extended_type_info_typeid.obj) : error LNK2038: mismatch detected for 'RuntimeLibrary': value 'MD_DynamicRelease' doesn't match value 'MDd_DynamicDebug' in Ciudadano.obj
libboost_serialization-vc143-mt-x64-1_85.lib(binary_oarchive.obj) : error LNK2038: mismatch detected for '_ITERATOR_DEBUG_LEVEL': value '0' doesn't match value '2' in Ciudadano.obj
libboost_serialization-vc143-mt-x64-1_85.lib(binary_oarchive.obj) : error LNK2038: mismatch detected for 'RuntimeLibrary': value 'MD_DynamicRelease' doesn't match value 'MDd_DynamicDebug' in Ciudadano.obj
libboost_serialization-vc143-mt-x64-1_85.lib(basic_iarchive.obj) : error LNK2038: mismatch detected for '_ITERATOR_DEBUG_LEVEL': value '0' doesn't match value '2' in Ciudadano.obj
libboost_serialization-vc143-mt-x64-1_85.lib(basic_iarchive.obj) : error LNK2038: mismatch detected for 'RuntimeLibrary': value 'MD_DynamicRelease' doesn't match value 'MDd_DynamicDebug' in Ciudadano.obj
libboost_serialization-vc143-mt-x64-1_85.lib(binary_iarchive.obj) : error LNK2038: mismatch detected for '_ITERATOR_DEBUG_LEVEL': value '0' doesn't match value '2' in Ciudadano.obj
libboost_serialization-vc143-mt-x64-1_85.lib(binary_iarchive.obj) : error LNK2038: mismatch detected for 'RuntimeLibrary': value 'MD_DynamicRelease' doesn't match value 'MDd_DynamicDebug' in Ciudadano.obj
libboost_serialization-vc143-mt-x64-1_85.lib(basic_serializer_map.obj) : error LNK2038: mismatch detected for '_ITERATOR_DEBUG_LEVEL': value '0' doesn't match value '2' in Ciudadano.obj
libboost_serialization-vc143-mt-x64-1_85.lib(basic_serializer_map.obj) : error LNK2038: mismatch detected for 'RuntimeLibrary': value 'MD_DynamicRelease' doesn't match value 'MDd_DynamicDebug' in Ciudadano.obj
     Creating library C:\Users\psarm\Documents\PIERO\USIL\7mo CICLO\ESTRUCTURA DE DATOS AVANZADA\TRABAJO FINAL\EDA_PF\EDA_FINAL_PROJECT\EDA_FINAL_PROJECT\x64\Debug\TF_EDA.lib and object C:\Users\psarm\Documents\PIERO\USIL\7mo CICLO\ESTRUCTURA DE DATOS AVANZADA\TRABAJO FINAL\EDA_PF\EDA_FINAL_PROJECT\EDA_FINAL_PROJECT\x64\Debug\TF_EDA.exp
LINK : warning LNK4098: defaultlib 'MSVCRT' conflicts with use of other libs; use /NODEFAULTLIB:library
C:\Users\psarm\Documents\PIERO\USIL\7mo CICLO\ESTRUCTURA DE DATOS AVANZADA\TRABAJO FINAL\EDA_PF\EDA_FINAL_PROJECT\EDA_FINAL_PROJECT\x64\Debug\TF_EDA.exe : fatal error LNK1319: 18 mismatches detected
